<?xml version="1.0" ?>
<testsuite errors="0" failures="0" name="TestMoviesService-20180611120018" tests="4" time="0.227">
	<testcase classname="TestMoviesService" name="test_all_movie_records" time="0.144"/>
	<testcase classname="TestMoviesService" name="test_movie_delete" time="0.034"/>
	<testcase classname="TestMoviesService" name="test_movie_rating_update" time="0.028"/>
	<testcase classname="TestMoviesService" name="test_not_found" time="0.021"/>
	<system-out>
<![CDATA[]]>	</system-out>
	<system-err>
<![CDATA[]]>	</system-err>
</testsuite>
