<?xml version="1.0" ?>
<testsuite errors="0" failures="0" name="TestUserService-20180611110221" tests="6" time="1.029">
	<testcase classname="TestUserService" name="test_add_user" time="0.088"/>
	<testcase classname="TestUserService" name="test_book_movie" time="0.092"/>
	<testcase classname="TestUserService" name="test_user_not_found" time="0.017"/>
	<testcase classname="TestUserService" name="test_user_records" time="0.060"/>
	<testcase classname="TestUserService" name="test_user_suggested" time="0.291"/>
	<testcase classname="TestUserService" name="test_view_user_booking" time="0.481"/>
	<system-out>
<![CDATA[]]>	</system-out>
	<system-err>
<![CDATA[]]>	</system-err>
</testsuite>
