<?xml version="1.0" ?>
<testsuite errors="0" failures="0" name="TestUserService-20180611110319" tests="6" time="1.500">
	<testcase classname="TestUserService" name="test_add_user" time="0.131"/>
	<testcase classname="TestUserService" name="test_book_movie" time="0.176"/>
	<testcase classname="TestUserService" name="test_user_not_found" time="0.055"/>
	<testcase classname="TestUserService" name="test_user_records" time="0.138"/>
	<testcase classname="TestUserService" name="test_user_suggested" time="0.414"/>
	<testcase classname="TestUserService" name="test_view_user_booking" time="0.586"/>
	<system-out>
<![CDATA[]]>	</system-out>
	<system-err>
<![CDATA[]]>	</system-err>
</testsuite>
