<?xml version="1.0" ?>
<testsuite errors="0" failures="0" name="TestUserService-20180611120026" tests="6" time="1.168">
	<testcase classname="TestUserService" name="test_add_user" time="0.103"/>
	<testcase classname="TestUserService" name="test_book_movie" time="0.117"/>
	<testcase classname="TestUserService" name="test_user_not_found" time="0.020"/>
	<testcase classname="TestUserService" name="test_user_records" time="0.070"/>
	<testcase classname="TestUserService" name="test_user_suggested" time="0.339"/>
	<testcase classname="TestUserService" name="test_view_user_booking" time="0.519"/>
	<system-out>
<![CDATA[]]>	</system-out>
	<system-err>
<![CDATA[]]>	</system-err>
</testsuite>
