<?xml version="1.0" ?>
<testsuite errors="0" failures="0" name="TestShowTimesService-20180611110440" tests="2" time="0.121">
	<testcase classname="TestShowTimesService" name="test_not_found" time="0.025"/>
	<testcase classname="TestShowTimesService" name="test_showtimes_records" time="0.096"/>
	<system-out>
<![CDATA[]]>	</system-out>
	<system-err>
<![CDATA[]]>	</system-err>
</testsuite>
