<?xml version="1.0" ?>
<testsuite errors="0" failures="0" name="TestUserService-20180611110244" tests="6" time="0.959">
	<testcase classname="TestUserService" name="test_add_user" time="0.115"/>
	<testcase classname="TestUserService" name="test_book_movie" time="0.114"/>
	<testcase classname="TestUserService" name="test_user_not_found" time="0.019"/>
	<testcase classname="TestUserService" name="test_user_records" time="0.063"/>
	<testcase classname="TestUserService" name="test_user_suggested" time="0.332"/>
	<testcase classname="TestUserService" name="test_view_user_booking" time="0.315"/>
	<system-out>
<![CDATA[]]>	</system-out>
	<system-err>
<![CDATA[]]>	</system-err>
</testsuite>
