<?xml version="1.0" ?>
<testsuite errors="0" failures="0" name="TestBookingService-20180611111854" tests="4" time="1.281">
	<testcase classname="TestBookingService" name="test_add_new_booking" time="0.530"/>
	<testcase classname="TestBookingService" name="test_booking_records" time="0.342"/>
	<testcase classname="TestBookingService" name="test_delete_booking" time="0.312"/>
	<testcase classname="TestBookingService" name="test_not_found" time="0.097"/>
	<system-out>
<![CDATA[garret_heaton {'20151201': ['267eedb8-0f5d-42d5-8f43-72426b9fb3e6'], '20151202': ['276c79ec-a26a-40a6-b3d3-fb242a5947b6']}
dwight_schrute {'20151205': ['a8034f44-aee4-44cf-b32c-74cf452aaaae', '276c79ec-a26a-40a6-b3d3-fb242a5947b6'], '20151201': ['7daf7208-be4d-4944-a3ae-c1c2f516f3e6', '267eedb8-0f5d-42d5-8f43-72426b9fb3e6']}
chris_rivers {'20151201': ['267eedb8-0f5d-42d5-8f43-72426b9fb3e6']}
]]>	</system-out>
	<system-err>
<![CDATA[]]>	</system-err>
</testsuite>
